{"uid":"3c7518ab72485d52","name":"test_logout","fullName":"test_conduit.test_conduit.TestConduit#test_logout","historyId":"4c7b761067e175bd7d7e4ebf6a5e143a","time":{"start":1681334930270,"stop":1681334951730,"duration":21460},"status":"broken","statusMessage":"selenium.common.exceptions.TimeoutException: Message: \nStacktrace:\n#0 0x55d0adb17fe3 <unknown>\n#1 0x55d0ad856d36 <unknown>\n#2 0x55d0ad893c4d <unknown>\n#3 0x55d0ad893d61 <unknown>\n#4 0x55d0ad8cf6a4 <unknown>\n#5 0x55d0ad8b48ed <unknown>\n#6 0x55d0ad8cd232 <unknown>\n#7 0x55d0ad8b4693 <unknown>\n#8 0x55d0ad88703a <unknown>\n#9 0x55d0ad88817e <unknown>\n#10 0x55d0adad9dbd <unknown>\n#11 0x55d0adaddc6c <unknown>\n#12 0x55d0adae74b0 <unknown>\n#13 0x55d0adaded63 <unknown>\n#14 0x55d0adab1c35 <unknown>\n#15 0x55d0adb02138 <unknown>\n#16 0x55d0adb022c7 <unknown>\n#17 0x55d0adb10093 <unknown>\n#18 0x7ff8c984db43 <unknown>","statusTrace":"self = <test_conduit.TestConduit object at 0x7f2e0ff29a80>\n\n    def test_logout(self):\n        sign_in(self.browser)\n        time.sleep(8)\n>       logout_button = WebDriverWait(self.browser, 5).until(EC.presence_of_element_located((By.XPATH, '//a[@active-class=\"active\"]')))\n\ntest_conduit/test_conduit.py:59: \n_ _ _ _ _ _ _ _ _ _ _ _ _ _ _ _ _ _ _ _ _ _ _ _ _ _ _ _ _ _ _ _ _ _ _ _ _ _ _ _ \n\nself = <selenium.webdriver.support.wait.WebDriverWait (session=\"876d33813ec04930c05e1334e115c136\")>\nmethod = <function presence_of_element_located.<locals>._predicate at 0x7f2e0ec4feb0>\nmessage = ''\n\n    def until(self, method, message: str = \"\"):\n        \"\"\"Calls the method provided with the driver as an argument until the \\\n        return value does not evaluate to ``False``.\n    \n        :param method: callable(WebDriver)\n        :param message: optional message for :exc:`TimeoutException`\n        :returns: the result of the last call to `method`\n        :raises: :exc:`selenium.common.exceptions.TimeoutException` if timeout occurs\n        \"\"\"\n        screen = None\n        stacktrace = None\n    \n        end_time = time.monotonic() + self._timeout\n        while True:\n            try:\n                value = method(self._driver)\n                if value:\n                    return value\n            except self._ignored_exceptions as exc:\n                screen = getattr(exc, \"screen\", None)\n                stacktrace = getattr(exc, \"stacktrace\", None)\n            time.sleep(self._poll)\n            if time.monotonic() > end_time:\n                break\n>       raise TimeoutException(message, screen, stacktrace)\nE       selenium.common.exceptions.TimeoutException: Message: \nE       Stacktrace:\nE       #0 0x55d0adb17fe3 <unknown>\nE       #1 0x55d0ad856d36 <unknown>\nE       #2 0x55d0ad893c4d <unknown>\nE       #3 0x55d0ad893d61 <unknown>\nE       #4 0x55d0ad8cf6a4 <unknown>\nE       #5 0x55d0ad8b48ed <unknown>\nE       #6 0x55d0ad8cd232 <unknown>\nE       #7 0x55d0ad8b4693 <unknown>\nE       #8 0x55d0ad88703a <unknown>\nE       #9 0x55d0ad88817e <unknown>\nE       #10 0x55d0adad9dbd <unknown>\nE       #11 0x55d0adaddc6c <unknown>\nE       #12 0x55d0adae74b0 <unknown>\nE       #13 0x55d0adaded63 <unknown>\nE       #14 0x55d0adab1c35 <unknown>\nE       #15 0x55d0adb02138 <unknown>\nE       #16 0x55d0adb022c7 <unknown>\nE       #17 0x55d0adb10093 <unknown>\nE       #18 0x7ff8c984db43 <unknown>\n\n/opt/hostedtoolcache/Python/3.10.11/x64/lib/python3.10/site-packages/selenium/webdriver/support/wait.py:95: TimeoutException","flaky":false,"newFailed":false,"newBroken":false,"newPassed":false,"retriesCount":0,"retriesStatusChange":false,"beforeStages":[{"name":"_xunit_setup_method_fixture_TestConduit","time":{"start":1681334928982,"stop":1681334930269,"duration":1287},"status":"passed","steps":[],"attachments":[],"parameters":[],"stepsCount":0,"attachmentsCount":0,"shouldDisplayMessage":false,"hasContent":false}],"afterStages":[{"name":"_xunit_setup_method_fixture_TestConduit::0","time":{"start":1681334951737,"stop":1681334951793,"duration":56},"status":"passed","steps":[],"attachments":[],"parameters":[],"stepsCount":0,"attachmentsCount":0,"shouldDisplayMessage":false,"hasContent":false}],"labels":[{"name":"parentSuite","value":"test_conduit"},{"name":"suite","value":"test_conduit"},{"name":"subSuite","value":"TestConduit"},{"name":"host","value":"fv-az487-387"},{"name":"thread","value":"3080-MainThread"},{"name":"framework","value":"pytest"},{"name":"language","value":"cpython3"},{"name":"package","value":"test_conduit.test_conduit"},{"name":"resultFormat","value":"allure2"}],"parameters":[],"links":[],"hidden":false,"retry":false,"extra":{"severity":"normal","retries":[],"categories":[{"name":"Test defects","matchedStatuses":[],"flaky":false}],"tags":[]},"source":"3c7518ab72485d52.json","parameterValues":[]}