{"uid":"134b9e4a644f7953","name":"test_change_bio","fullName":"test_conduit.test_conduit.TestConduit#test_change_bio","historyId":"003aaed1a3c26f57a2aa8dec9ae01af7","time":{"start":1681320299177,"stop":1681320309725,"duration":10548},"status":"broken","statusMessage":"selenium.common.exceptions.TimeoutException: Message: \nStacktrace:\n#0 0x55f1985b3fe3 <unknown>\n#1 0x55f1982f2d36 <unknown>\n#2 0x55f19832fc4d <unknown>\n#3 0x55f19832fd61 <unknown>\n#4 0x55f19836b6a4 <unknown>\n#5 0x55f1983508ed <unknown>\n#6 0x55f198369232 <unknown>\n#7 0x55f198350693 <unknown>\n#8 0x55f19832303a <unknown>\n#9 0x55f19832417e <unknown>\n#10 0x55f198575dbd <unknown>\n#11 0x55f198579c6c <unknown>\n#12 0x55f1985834b0 <unknown>\n#13 0x55f19857ad63 <unknown>\n#14 0x55f19854dc35 <unknown>\n#15 0x55f19859e138 <unknown>\n#16 0x55f19859e2c7 <unknown>\n#17 0x55f1985ac093 <unknown>\n#18 0x7f354cad0b43 <unknown>","statusTrace":"self = <test_conduit.TestConduit object at 0x7f14eec09930>\n\n    def test_change_bio(self):\n>       sign_in(self.browser)\n\ntest_conduit/test_conduit.py:135: \n_ _ _ _ _ _ _ _ _ _ _ _ _ _ _ _ _ _ _ _ _ _ _ _ _ _ _ _ _ _ _ _ _ _ _ _ _ _ _ _ \ntest_conduit/functions.py:22: in sign_in\n    browser, 10).until(\n_ _ _ _ _ _ _ _ _ _ _ _ _ _ _ _ _ _ _ _ _ _ _ _ _ _ _ _ _ _ _ _ _ _ _ _ _ _ _ _ \n\nself = <selenium.webdriver.support.wait.WebDriverWait (session=\"a4dddd137b9895aa27a682da39e6de61\")>\nmethod = <function visibility_of_element_located.<locals>._predicate at 0x7f14ed9ad6c0>\nmessage = ''\n\n    def until(self, method, message: str = \"\"):\n        \"\"\"Calls the method provided with the driver as an argument until the \\\n        return value does not evaluate to ``False``.\n    \n        :param method: callable(WebDriver)\n        :param message: optional message for :exc:`TimeoutException`\n        :returns: the result of the last call to `method`\n        :raises: :exc:`selenium.common.exceptions.TimeoutException` if timeout occurs\n        \"\"\"\n        screen = None\n        stacktrace = None\n    \n        end_time = time.monotonic() + self._timeout\n        while True:\n            try:\n                value = method(self._driver)\n                if value:\n                    return value\n            except self._ignored_exceptions as exc:\n                screen = getattr(exc, \"screen\", None)\n                stacktrace = getattr(exc, \"stacktrace\", None)\n            time.sleep(self._poll)\n            if time.monotonic() > end_time:\n                break\n>       raise TimeoutException(message, screen, stacktrace)\nE       selenium.common.exceptions.TimeoutException: Message: \nE       Stacktrace:\nE       #0 0x55f1985b3fe3 <unknown>\nE       #1 0x55f1982f2d36 <unknown>\nE       #2 0x55f19832fc4d <unknown>\nE       #3 0x55f19832fd61 <unknown>\nE       #4 0x55f19836b6a4 <unknown>\nE       #5 0x55f1983508ed <unknown>\nE       #6 0x55f198369232 <unknown>\nE       #7 0x55f198350693 <unknown>\nE       #8 0x55f19832303a <unknown>\nE       #9 0x55f19832417e <unknown>\nE       #10 0x55f198575dbd <unknown>\nE       #11 0x55f198579c6c <unknown>\nE       #12 0x55f1985834b0 <unknown>\nE       #13 0x55f19857ad63 <unknown>\nE       #14 0x55f19854dc35 <unknown>\nE       #15 0x55f19859e138 <unknown>\nE       #16 0x55f19859e2c7 <unknown>\nE       #17 0x55f1985ac093 <unknown>\nE       #18 0x7f354cad0b43 <unknown>\n\n/opt/hostedtoolcache/Python/3.10.11/x64/lib/python3.10/site-packages/selenium/webdriver/support/wait.py:95: TimeoutException","flaky":false,"newFailed":false,"newBroken":false,"newPassed":false,"retriesCount":0,"retriesStatusChange":false,"beforeStages":[{"name":"_xunit_setup_method_fixture_TestConduit","time":{"start":1681320297986,"stop":1681320299176,"duration":1190},"status":"passed","steps":[],"attachments":[],"parameters":[],"stepsCount":0,"attachmentsCount":0,"shouldDisplayMessage":false,"hasContent":false}],"afterStages":[{"name":"_xunit_setup_method_fixture_TestConduit::0","time":{"start":1681320309736,"stop":1681320309796,"duration":60},"status":"passed","steps":[],"attachments":[],"parameters":[],"stepsCount":0,"attachmentsCount":0,"shouldDisplayMessage":false,"hasContent":false}],"labels":[{"name":"parentSuite","value":"test_conduit"},{"name":"suite","value":"test_conduit"},{"name":"subSuite","value":"TestConduit"},{"name":"host","value":"fv-az419-369"},{"name":"thread","value":"3053-MainThread"},{"name":"framework","value":"pytest"},{"name":"language","value":"cpython3"},{"name":"package","value":"test_conduit.test_conduit"},{"name":"resultFormat","value":"allure2"}],"parameters":[],"links":[],"hidden":false,"retry":false,"extra":{"severity":"normal","retries":[],"categories":[{"name":"Test defects","matchedStatuses":[],"flaky":false}],"tags":[]},"source":"134b9e4a644f7953.json","parameterValues":[]}