{"uid":"5d50264564c2c361","name":"test_delete_article","fullName":"test_conduit.test_conduit.TestConduit#test_delete_article","historyId":"1b81ee3d5e0b6a83d763aad338131420","time":{"start":1681320311013,"stop":1681320321561,"duration":10548},"status":"broken","statusMessage":"selenium.common.exceptions.TimeoutException: Message: \nStacktrace:\n#0 0x5596e220cfe3 <unknown>\n#1 0x5596e1f4bd36 <unknown>\n#2 0x5596e1f88c4d <unknown>\n#3 0x5596e1f88d61 <unknown>\n#4 0x5596e1fc46a4 <unknown>\n#5 0x5596e1fa98ed <unknown>\n#6 0x5596e1fc2232 <unknown>\n#7 0x5596e1fa9693 <unknown>\n#8 0x5596e1f7c03a <unknown>\n#9 0x5596e1f7d17e <unknown>\n#10 0x5596e21cedbd <unknown>\n#11 0x5596e21d2c6c <unknown>\n#12 0x5596e21dc4b0 <unknown>\n#13 0x5596e21d3d63 <unknown>\n#14 0x5596e21a6c35 <unknown>\n#15 0x5596e21f7138 <unknown>\n#16 0x5596e21f72c7 <unknown>\n#17 0x5596e2205093 <unknown>\n#18 0x7fe47be54b43 <unknown>","statusTrace":"self = <test_conduit.TestConduit object at 0x7f14eec09bd0>\n\n    def test_delete_article(self):\n>       sign_in(self.browser)\n\ntest_conduit/test_conduit.py:149: \n_ _ _ _ _ _ _ _ _ _ _ _ _ _ _ _ _ _ _ _ _ _ _ _ _ _ _ _ _ _ _ _ _ _ _ _ _ _ _ _ \ntest_conduit/functions.py:22: in sign_in\n    browser, 10).until(\n_ _ _ _ _ _ _ _ _ _ _ _ _ _ _ _ _ _ _ _ _ _ _ _ _ _ _ _ _ _ _ _ _ _ _ _ _ _ _ _ \n\nself = <selenium.webdriver.support.wait.WebDriverWait (session=\"318e2bf7add12a3364d38b49bbfc05b0\")>\nmethod = <function visibility_of_element_located.<locals>._predicate at 0x7f14ed9ac550>\nmessage = ''\n\n    def until(self, method, message: str = \"\"):\n        \"\"\"Calls the method provided with the driver as an argument until the \\\n        return value does not evaluate to ``False``.\n    \n        :param method: callable(WebDriver)\n        :param message: optional message for :exc:`TimeoutException`\n        :returns: the result of the last call to `method`\n        :raises: :exc:`selenium.common.exceptions.TimeoutException` if timeout occurs\n        \"\"\"\n        screen = None\n        stacktrace = None\n    \n        end_time = time.monotonic() + self._timeout\n        while True:\n            try:\n                value = method(self._driver)\n                if value:\n                    return value\n            except self._ignored_exceptions as exc:\n                screen = getattr(exc, \"screen\", None)\n                stacktrace = getattr(exc, \"stacktrace\", None)\n            time.sleep(self._poll)\n            if time.monotonic() > end_time:\n                break\n>       raise TimeoutException(message, screen, stacktrace)\nE       selenium.common.exceptions.TimeoutException: Message: \nE       Stacktrace:\nE       #0 0x5596e220cfe3 <unknown>\nE       #1 0x5596e1f4bd36 <unknown>\nE       #2 0x5596e1f88c4d <unknown>\nE       #3 0x5596e1f88d61 <unknown>\nE       #4 0x5596e1fc46a4 <unknown>\nE       #5 0x5596e1fa98ed <unknown>\nE       #6 0x5596e1fc2232 <unknown>\nE       #7 0x5596e1fa9693 <unknown>\nE       #8 0x5596e1f7c03a <unknown>\nE       #9 0x5596e1f7d17e <unknown>\nE       #10 0x5596e21cedbd <unknown>\nE       #11 0x5596e21d2c6c <unknown>\nE       #12 0x5596e21dc4b0 <unknown>\nE       #13 0x5596e21d3d63 <unknown>\nE       #14 0x5596e21a6c35 <unknown>\nE       #15 0x5596e21f7138 <unknown>\nE       #16 0x5596e21f72c7 <unknown>\nE       #17 0x5596e2205093 <unknown>\nE       #18 0x7fe47be54b43 <unknown>\n\n/opt/hostedtoolcache/Python/3.10.11/x64/lib/python3.10/site-packages/selenium/webdriver/support/wait.py:95: TimeoutException","flaky":false,"newFailed":false,"newBroken":false,"newPassed":false,"retriesCount":0,"retriesStatusChange":false,"beforeStages":[{"name":"_xunit_setup_method_fixture_TestConduit","time":{"start":1681320309798,"stop":1681320311012,"duration":1214},"status":"passed","steps":[],"attachments":[],"parameters":[],"stepsCount":0,"attachmentsCount":0,"shouldDisplayMessage":false,"hasContent":false}],"afterStages":[{"name":"_xunit_setup_method_fixture_TestConduit::0","time":{"start":1681320321571,"stop":1681320321628,"duration":57},"status":"passed","steps":[],"attachments":[],"parameters":[],"stepsCount":0,"attachmentsCount":0,"shouldDisplayMessage":false,"hasContent":false}],"labels":[{"name":"parentSuite","value":"test_conduit"},{"name":"suite","value":"test_conduit"},{"name":"subSuite","value":"TestConduit"},{"name":"host","value":"fv-az419-369"},{"name":"thread","value":"3053-MainThread"},{"name":"framework","value":"pytest"},{"name":"language","value":"cpython3"},{"name":"package","value":"test_conduit.test_conduit"},{"name":"resultFormat","value":"allure2"}],"parameters":[],"links":[],"hidden":false,"retry":false,"extra":{"severity":"normal","retries":[],"categories":[{"name":"Test defects","matchedStatuses":[],"flaky":false}],"tags":[]},"source":"5d50264564c2c361.json","parameterValues":[]}