{"uid":"a018ca6431fb0238","name":"test_logout","fullName":"test_conduit.test_conduit.TestConduit#test_logout","historyId":"4c7b761067e175bd7d7e4ebf6a5e143a","time":{"start":1681320228171,"stop":1681320238713,"duration":10542},"status":"broken","statusMessage":"selenium.common.exceptions.TimeoutException: Message: \nStacktrace:\n#0 0x557cb0258fe3 <unknown>\n#1 0x557caff97d36 <unknown>\n#2 0x557caffd4c4d <unknown>\n#3 0x557caffd4d61 <unknown>\n#4 0x557cb00106a4 <unknown>\n#5 0x557cafff58ed <unknown>\n#6 0x557cb000e232 <unknown>\n#7 0x557cafff5693 <unknown>\n#8 0x557caffc803a <unknown>\n#9 0x557caffc917e <unknown>\n#10 0x557cb021adbd <unknown>\n#11 0x557cb021ec6c <unknown>\n#12 0x557cb02284b0 <unknown>\n#13 0x557cb021fd63 <unknown>\n#14 0x557cb01f2c35 <unknown>\n#15 0x557cb0243138 <unknown>\n#16 0x557cb02432c7 <unknown>\n#17 0x557cb0251093 <unknown>\n#18 0x7f638ec57b43 <unknown>","statusTrace":"self = <test_conduit.TestConduit object at 0x7f14eec08640>\n\n    def test_logout(self):\n>       sign_in(self.browser)\n\ntest_conduit/test_conduit.py:56: \n_ _ _ _ _ _ _ _ _ _ _ _ _ _ _ _ _ _ _ _ _ _ _ _ _ _ _ _ _ _ _ _ _ _ _ _ _ _ _ _ \ntest_conduit/functions.py:22: in sign_in\n    browser, 10).until(\n_ _ _ _ _ _ _ _ _ _ _ _ _ _ _ _ _ _ _ _ _ _ _ _ _ _ _ _ _ _ _ _ _ _ _ _ _ _ _ _ \n\nself = <selenium.webdriver.support.wait.WebDriverWait (session=\"62087124e77188c3e80a92cfc25303f4\")>\nmethod = <function visibility_of_element_located.<locals>._predicate at 0x7f14ed94fa30>\nmessage = ''\n\n    def until(self, method, message: str = \"\"):\n        \"\"\"Calls the method provided with the driver as an argument until the \\\n        return value does not evaluate to ``False``.\n    \n        :param method: callable(WebDriver)\n        :param message: optional message for :exc:`TimeoutException`\n        :returns: the result of the last call to `method`\n        :raises: :exc:`selenium.common.exceptions.TimeoutException` if timeout occurs\n        \"\"\"\n        screen = None\n        stacktrace = None\n    \n        end_time = time.monotonic() + self._timeout\n        while True:\n            try:\n                value = method(self._driver)\n                if value:\n                    return value\n            except self._ignored_exceptions as exc:\n                screen = getattr(exc, \"screen\", None)\n                stacktrace = getattr(exc, \"stacktrace\", None)\n            time.sleep(self._poll)\n            if time.monotonic() > end_time:\n                break\n>       raise TimeoutException(message, screen, stacktrace)\nE       selenium.common.exceptions.TimeoutException: Message: \nE       Stacktrace:\nE       #0 0x557cb0258fe3 <unknown>\nE       #1 0x557caff97d36 <unknown>\nE       #2 0x557caffd4c4d <unknown>\nE       #3 0x557caffd4d61 <unknown>\nE       #4 0x557cb00106a4 <unknown>\nE       #5 0x557cafff58ed <unknown>\nE       #6 0x557cb000e232 <unknown>\nE       #7 0x557cafff5693 <unknown>\nE       #8 0x557caffc803a <unknown>\nE       #9 0x557caffc917e <unknown>\nE       #10 0x557cb021adbd <unknown>\nE       #11 0x557cb021ec6c <unknown>\nE       #12 0x557cb02284b0 <unknown>\nE       #13 0x557cb021fd63 <unknown>\nE       #14 0x557cb01f2c35 <unknown>\nE       #15 0x557cb0243138 <unknown>\nE       #16 0x557cb02432c7 <unknown>\nE       #17 0x557cb0251093 <unknown>\nE       #18 0x7f638ec57b43 <unknown>\n\n/opt/hostedtoolcache/Python/3.10.11/x64/lib/python3.10/site-packages/selenium/webdriver/support/wait.py:95: TimeoutException","flaky":false,"newFailed":false,"newBroken":false,"newPassed":false,"retriesCount":0,"retriesStatusChange":false,"beforeStages":[{"name":"_xunit_setup_method_fixture_TestConduit","time":{"start":1681320226958,"stop":1681320228170,"duration":1212},"status":"passed","steps":[],"attachments":[],"parameters":[],"stepsCount":0,"attachmentsCount":0,"shouldDisplayMessage":false,"hasContent":false}],"afterStages":[{"name":"_xunit_setup_method_fixture_TestConduit::0","time":{"start":1681320238724,"stop":1681320238781,"duration":57},"status":"passed","steps":[],"attachments":[],"parameters":[],"stepsCount":0,"attachmentsCount":0,"shouldDisplayMessage":false,"hasContent":false}],"labels":[{"name":"parentSuite","value":"test_conduit"},{"name":"suite","value":"test_conduit"},{"name":"subSuite","value":"TestConduit"},{"name":"host","value":"fv-az419-369"},{"name":"thread","value":"3053-MainThread"},{"name":"framework","value":"pytest"},{"name":"language","value":"cpython3"},{"name":"package","value":"test_conduit.test_conduit"},{"name":"resultFormat","value":"allure2"}],"parameters":[],"links":[],"hidden":false,"retry":false,"extra":{"severity":"normal","retries":[],"categories":[{"name":"Test defects","matchedStatuses":[],"flaky":false}],"tags":[]},"source":"a018ca6431fb0238.json","parameterValues":[]}