{"uid":"aa3894bc90e81e18","name":"test_new_comments","fullName":"test_conduit.test_conduit.TestConduit#test_new_comments","historyId":"0c56c639cd3d71c46b1751ee08d18f31","time":{"start":1681320275479,"stop":1681320286039,"duration":10560},"status":"broken","statusMessage":"selenium.common.exceptions.TimeoutException: Message: \nStacktrace:\n#0 0x5640addb4fe3 <unknown>\n#1 0x5640adaf3d36 <unknown>\n#2 0x5640adb30c4d <unknown>\n#3 0x5640adb30d61 <unknown>\n#4 0x5640adb6c6a4 <unknown>\n#5 0x5640adb518ed <unknown>\n#6 0x5640adb6a232 <unknown>\n#7 0x5640adb51693 <unknown>\n#8 0x5640adb2403a <unknown>\n#9 0x5640adb2517e <unknown>\n#10 0x5640add76dbd <unknown>\n#11 0x5640add7ac6c <unknown>\n#12 0x5640add844b0 <unknown>\n#13 0x5640add7bd63 <unknown>\n#14 0x5640add4ec35 <unknown>\n#15 0x5640add9f138 <unknown>\n#16 0x5640add9f2c7 <unknown>\n#17 0x5640addad093 <unknown>\n#18 0x7f05b14f4b43 <unknown>","statusTrace":"self = <test_conduit.TestConduit object at 0x7f14eec09660>\n\n    def test_new_comments(self):\n>       sign_in(self.browser)\n\ntest_conduit/test_conduit.py:99: \n_ _ _ _ _ _ _ _ _ _ _ _ _ _ _ _ _ _ _ _ _ _ _ _ _ _ _ _ _ _ _ _ _ _ _ _ _ _ _ _ \ntest_conduit/functions.py:22: in sign_in\n    browser, 10).until(\n_ _ _ _ _ _ _ _ _ _ _ _ _ _ _ _ _ _ _ _ _ _ _ _ _ _ _ _ _ _ _ _ _ _ _ _ _ _ _ _ \n\nself = <selenium.webdriver.support.wait.WebDriverWait (session=\"f0e7664f5197154b3490d7afbdc399ef\")>\nmethod = <function visibility_of_element_located.<locals>._predicate at 0x7f14ed9ac160>\nmessage = ''\n\n    def until(self, method, message: str = \"\"):\n        \"\"\"Calls the method provided with the driver as an argument until the \\\n        return value does not evaluate to ``False``.\n    \n        :param method: callable(WebDriver)\n        :param message: optional message for :exc:`TimeoutException`\n        :returns: the result of the last call to `method`\n        :raises: :exc:`selenium.common.exceptions.TimeoutException` if timeout occurs\n        \"\"\"\n        screen = None\n        stacktrace = None\n    \n        end_time = time.monotonic() + self._timeout\n        while True:\n            try:\n                value = method(self._driver)\n                if value:\n                    return value\n            except self._ignored_exceptions as exc:\n                screen = getattr(exc, \"screen\", None)\n                stacktrace = getattr(exc, \"stacktrace\", None)\n            time.sleep(self._poll)\n            if time.monotonic() > end_time:\n                break\n>       raise TimeoutException(message, screen, stacktrace)\nE       selenium.common.exceptions.TimeoutException: Message: \nE       Stacktrace:\nE       #0 0x5640addb4fe3 <unknown>\nE       #1 0x5640adaf3d36 <unknown>\nE       #2 0x5640adb30c4d <unknown>\nE       #3 0x5640adb30d61 <unknown>\nE       #4 0x5640adb6c6a4 <unknown>\nE       #5 0x5640adb518ed <unknown>\nE       #6 0x5640adb6a232 <unknown>\nE       #7 0x5640adb51693 <unknown>\nE       #8 0x5640adb2403a <unknown>\nE       #9 0x5640adb2517e <unknown>\nE       #10 0x5640add76dbd <unknown>\nE       #11 0x5640add7ac6c <unknown>\nE       #12 0x5640add844b0 <unknown>\nE       #13 0x5640add7bd63 <unknown>\nE       #14 0x5640add4ec35 <unknown>\nE       #15 0x5640add9f138 <unknown>\nE       #16 0x5640add9f2c7 <unknown>\nE       #17 0x5640addad093 <unknown>\nE       #18 0x7f05b14f4b43 <unknown>\n\n/opt/hostedtoolcache/Python/3.10.11/x64/lib/python3.10/site-packages/selenium/webdriver/support/wait.py:95: TimeoutException","flaky":false,"newFailed":false,"newBroken":false,"newPassed":false,"retriesCount":0,"retriesStatusChange":false,"beforeStages":[{"name":"_xunit_setup_method_fixture_TestConduit","time":{"start":1681320274278,"stop":1681320275478,"duration":1200},"status":"passed","steps":[],"attachments":[],"parameters":[],"stepsCount":0,"attachmentsCount":0,"shouldDisplayMessage":false,"hasContent":false}],"afterStages":[{"name":"_xunit_setup_method_fixture_TestConduit::0","time":{"start":1681320286050,"stop":1681320286107,"duration":57},"status":"passed","steps":[],"attachments":[],"parameters":[],"stepsCount":0,"attachmentsCount":0,"shouldDisplayMessage":false,"hasContent":false}],"labels":[{"name":"parentSuite","value":"test_conduit"},{"name":"suite","value":"test_conduit"},{"name":"subSuite","value":"TestConduit"},{"name":"host","value":"fv-az419-369"},{"name":"thread","value":"3053-MainThread"},{"name":"framework","value":"pytest"},{"name":"language","value":"cpython3"},{"name":"package","value":"test_conduit.test_conduit"},{"name":"resultFormat","value":"allure2"}],"parameters":[],"links":[],"hidden":false,"retry":false,"extra":{"severity":"normal","retries":[],"categories":[{"name":"Test defects","matchedStatuses":[],"flaky":false}],"tags":[]},"source":"aa3894bc90e81e18.json","parameterValues":[]}