{"uid":"ae583eb86a8441a7","name":"test_save_data","fullName":"test_conduit.test_conduit.TestConduit#test_save_data","historyId":"d9eef4e425c50684a56a6ce163417fa5","time":{"start":1681320287355,"stop":1681320297914,"duration":10559},"status":"broken","statusMessage":"selenium.common.exceptions.TimeoutException: Message: \nStacktrace:\n#0 0x559ab473ffe3 <unknown>\n#1 0x559ab447ed36 <unknown>\n#2 0x559ab44bbc4d <unknown>\n#3 0x559ab44bbd61 <unknown>\n#4 0x559ab44f76a4 <unknown>\n#5 0x559ab44dc8ed <unknown>\n#6 0x559ab44f5232 <unknown>\n#7 0x559ab44dc693 <unknown>\n#8 0x559ab44af03a <unknown>\n#9 0x559ab44b017e <unknown>\n#10 0x559ab4701dbd <unknown>\n#11 0x559ab4705c6c <unknown>\n#12 0x559ab470f4b0 <unknown>\n#13 0x559ab4706d63 <unknown>\n#14 0x559ab46d9c35 <unknown>\n#15 0x559ab472a138 <unknown>\n#16 0x559ab472a2c7 <unknown>\n#17 0x559ab4738093 <unknown>\n#18 0x7f9c73356b43 <unknown>","statusTrace":"self = <test_conduit.TestConduit object at 0x7f14eec09720>\n\n    def test_save_data(self):\n>       sign_in(self.browser)\n\ntest_conduit/test_conduit.py:118: \n_ _ _ _ _ _ _ _ _ _ _ _ _ _ _ _ _ _ _ _ _ _ _ _ _ _ _ _ _ _ _ _ _ _ _ _ _ _ _ _ \ntest_conduit/functions.py:22: in sign_in\n    browser, 10).until(\n_ _ _ _ _ _ _ _ _ _ _ _ _ _ _ _ _ _ _ _ _ _ _ _ _ _ _ _ _ _ _ _ _ _ _ _ _ _ _ _ \n\nself = <selenium.webdriver.support.wait.WebDriverWait (session=\"6abbef42c97d0b7a6de8c7539023dad6\")>\nmethod = <function visibility_of_element_located.<locals>._predicate at 0x7f14ed9acc10>\nmessage = ''\n\n    def until(self, method, message: str = \"\"):\n        \"\"\"Calls the method provided with the driver as an argument until the \\\n        return value does not evaluate to ``False``.\n    \n        :param method: callable(WebDriver)\n        :param message: optional message for :exc:`TimeoutException`\n        :returns: the result of the last call to `method`\n        :raises: :exc:`selenium.common.exceptions.TimeoutException` if timeout occurs\n        \"\"\"\n        screen = None\n        stacktrace = None\n    \n        end_time = time.monotonic() + self._timeout\n        while True:\n            try:\n                value = method(self._driver)\n                if value:\n                    return value\n            except self._ignored_exceptions as exc:\n                screen = getattr(exc, \"screen\", None)\n                stacktrace = getattr(exc, \"stacktrace\", None)\n            time.sleep(self._poll)\n            if time.monotonic() > end_time:\n                break\n>       raise TimeoutException(message, screen, stacktrace)\nE       selenium.common.exceptions.TimeoutException: Message: \nE       Stacktrace:\nE       #0 0x559ab473ffe3 <unknown>\nE       #1 0x559ab447ed36 <unknown>\nE       #2 0x559ab44bbc4d <unknown>\nE       #3 0x559ab44bbd61 <unknown>\nE       #4 0x559ab44f76a4 <unknown>\nE       #5 0x559ab44dc8ed <unknown>\nE       #6 0x559ab44f5232 <unknown>\nE       #7 0x559ab44dc693 <unknown>\nE       #8 0x559ab44af03a <unknown>\nE       #9 0x559ab44b017e <unknown>\nE       #10 0x559ab4701dbd <unknown>\nE       #11 0x559ab4705c6c <unknown>\nE       #12 0x559ab470f4b0 <unknown>\nE       #13 0x559ab4706d63 <unknown>\nE       #14 0x559ab46d9c35 <unknown>\nE       #15 0x559ab472a138 <unknown>\nE       #16 0x559ab472a2c7 <unknown>\nE       #17 0x559ab4738093 <unknown>\nE       #18 0x7f9c73356b43 <unknown>\n\n/opt/hostedtoolcache/Python/3.10.11/x64/lib/python3.10/site-packages/selenium/webdriver/support/wait.py:95: TimeoutException","flaky":false,"newFailed":false,"newBroken":false,"newPassed":false,"retriesCount":0,"retriesStatusChange":false,"beforeStages":[{"name":"_xunit_setup_method_fixture_TestConduit","time":{"start":1681320286109,"stop":1681320287354,"duration":1245},"status":"passed","steps":[],"attachments":[],"parameters":[],"stepsCount":0,"attachmentsCount":0,"shouldDisplayMessage":false,"hasContent":false}],"afterStages":[{"name":"_xunit_setup_method_fixture_TestConduit::0","time":{"start":1681320297927,"stop":1681320297984,"duration":57},"status":"passed","steps":[],"attachments":[],"parameters":[],"stepsCount":0,"attachmentsCount":0,"shouldDisplayMessage":false,"hasContent":false}],"labels":[{"name":"parentSuite","value":"test_conduit"},{"name":"suite","value":"test_conduit"},{"name":"subSuite","value":"TestConduit"},{"name":"host","value":"fv-az419-369"},{"name":"thread","value":"3053-MainThread"},{"name":"framework","value":"pytest"},{"name":"language","value":"cpython3"},{"name":"package","value":"test_conduit.test_conduit"},{"name":"resultFormat","value":"allure2"}],"parameters":[],"links":[],"hidden":false,"retry":false,"extra":{"severity":"normal","retries":[],"categories":[{"name":"Test defects","matchedStatuses":[],"flaky":false}],"tags":[]},"source":"ae583eb86a8441a7.json","parameterValues":[]}