{"uid":"b4f90844b6236a87","name":"test_data_list","fullName":"test_conduit.test_conduit.TestConduit#test_data_list","historyId":"abf6d46572554540befe36e026b39ec5","time":{"start":1681320239978,"stop":1681320250520,"duration":10542},"status":"broken","statusMessage":"selenium.common.exceptions.TimeoutException: Message: \nStacktrace:\n#0 0x5627c3d3afe3 <unknown>\n#1 0x5627c3a79d36 <unknown>\n#2 0x5627c3ab6c4d <unknown>\n#3 0x5627c3ab6d61 <unknown>\n#4 0x5627c3af26a4 <unknown>\n#5 0x5627c3ad78ed <unknown>\n#6 0x5627c3af0232 <unknown>\n#7 0x5627c3ad7693 <unknown>\n#8 0x5627c3aaa03a <unknown>\n#9 0x5627c3aab17e <unknown>\n#10 0x5627c3cfcdbd <unknown>\n#11 0x5627c3d00c6c <unknown>\n#12 0x5627c3d0a4b0 <unknown>\n#13 0x5627c3d01d63 <unknown>\n#14 0x5627c3cd4c35 <unknown>\n#15 0x5627c3d25138 <unknown>\n#16 0x5627c3d252c7 <unknown>\n#17 0x5627c3d33093 <unknown>\n#18 0x7f13a3fa0b43 <unknown>","statusTrace":"self = <test_conduit.TestConduit object at 0x7f14eec093c0>\n\n    def test_data_list(self):\n>       sign_in(self.browser)\n\ntest_conduit/test_conduit.py:64: \n_ _ _ _ _ _ _ _ _ _ _ _ _ _ _ _ _ _ _ _ _ _ _ _ _ _ _ _ _ _ _ _ _ _ _ _ _ _ _ _ \ntest_conduit/functions.py:22: in sign_in\n    browser, 10).until(\n_ _ _ _ _ _ _ _ _ _ _ _ _ _ _ _ _ _ _ _ _ _ _ _ _ _ _ _ _ _ _ _ _ _ _ _ _ _ _ _ \n\nself = <selenium.webdriver.support.wait.WebDriverWait (session=\"9bef7b497b41cb4d643b89caac866c26\")>\nmethod = <function visibility_of_element_located.<locals>._predicate at 0x7f14ed9ac310>\nmessage = ''\n\n    def until(self, method, message: str = \"\"):\n        \"\"\"Calls the method provided with the driver as an argument until the \\\n        return value does not evaluate to ``False``.\n    \n        :param method: callable(WebDriver)\n        :param message: optional message for :exc:`TimeoutException`\n        :returns: the result of the last call to `method`\n        :raises: :exc:`selenium.common.exceptions.TimeoutException` if timeout occurs\n        \"\"\"\n        screen = None\n        stacktrace = None\n    \n        end_time = time.monotonic() + self._timeout\n        while True:\n            try:\n                value = method(self._driver)\n                if value:\n                    return value\n            except self._ignored_exceptions as exc:\n                screen = getattr(exc, \"screen\", None)\n                stacktrace = getattr(exc, \"stacktrace\", None)\n            time.sleep(self._poll)\n            if time.monotonic() > end_time:\n                break\n>       raise TimeoutException(message, screen, stacktrace)\nE       selenium.common.exceptions.TimeoutException: Message: \nE       Stacktrace:\nE       #0 0x5627c3d3afe3 <unknown>\nE       #1 0x5627c3a79d36 <unknown>\nE       #2 0x5627c3ab6c4d <unknown>\nE       #3 0x5627c3ab6d61 <unknown>\nE       #4 0x5627c3af26a4 <unknown>\nE       #5 0x5627c3ad78ed <unknown>\nE       #6 0x5627c3af0232 <unknown>\nE       #7 0x5627c3ad7693 <unknown>\nE       #8 0x5627c3aaa03a <unknown>\nE       #9 0x5627c3aab17e <unknown>\nE       #10 0x5627c3cfcdbd <unknown>\nE       #11 0x5627c3d00c6c <unknown>\nE       #12 0x5627c3d0a4b0 <unknown>\nE       #13 0x5627c3d01d63 <unknown>\nE       #14 0x5627c3cd4c35 <unknown>\nE       #15 0x5627c3d25138 <unknown>\nE       #16 0x5627c3d252c7 <unknown>\nE       #17 0x5627c3d33093 <unknown>\nE       #18 0x7f13a3fa0b43 <unknown>\n\n/opt/hostedtoolcache/Python/3.10.11/x64/lib/python3.10/site-packages/selenium/webdriver/support/wait.py:95: TimeoutException","flaky":false,"newFailed":false,"newBroken":false,"newPassed":false,"retriesCount":0,"retriesStatusChange":false,"beforeStages":[{"name":"_xunit_setup_method_fixture_TestConduit","time":{"start":1681320238783,"stop":1681320239977,"duration":1194},"status":"passed","steps":[],"attachments":[],"parameters":[],"stepsCount":0,"attachmentsCount":0,"shouldDisplayMessage":false,"hasContent":false}],"afterStages":[{"name":"_xunit_setup_method_fixture_TestConduit::0","time":{"start":1681320250530,"stop":1681320250586,"duration":56},"status":"passed","steps":[],"attachments":[],"parameters":[],"stepsCount":0,"attachmentsCount":0,"shouldDisplayMessage":false,"hasContent":false}],"labels":[{"name":"parentSuite","value":"test_conduit"},{"name":"suite","value":"test_conduit"},{"name":"subSuite","value":"TestConduit"},{"name":"host","value":"fv-az419-369"},{"name":"thread","value":"3053-MainThread"},{"name":"framework","value":"pytest"},{"name":"language","value":"cpython3"},{"name":"package","value":"test_conduit.test_conduit"},{"name":"resultFormat","value":"allure2"}],"parameters":[],"links":[],"hidden":false,"retry":false,"extra":{"severity":"normal","retries":[],"categories":[{"name":"Test defects","matchedStatuses":[],"flaky":false}],"tags":[]},"source":"b4f90844b6236a87.json","parameterValues":[]}