{"uid":"160cc9b0b99435ae","name":"test_save_data","fullName":"test_conduit.test_conduit.TestConduit#test_save_data","historyId":"d9eef4e425c50684a56a6ce163417fa5","time":{"start":1681256613678,"stop":1681256624176,"duration":10498},"status":"broken","statusMessage":"selenium.common.exceptions.TimeoutException: Message: \nStacktrace:\n#0 0x558c2ef23243 <unknown>\n#1 0x558c2ece77a6 <unknown>\n#2 0x558c2ed2464d <unknown>\n#3 0x558c2ed24761 <unknown>\n#4 0x558c2ed5fda4 <unknown>\n#5 0x558c2ed450ad <unknown>\n#6 0x558c2ed5d932 <unknown>\n#7 0x558c2ed44e53 <unknown>\n#8 0x558c2ed179ea <unknown>\n#9 0x558c2ed18b2e <unknown>\n#10 0x558c2ef77d5e <unknown>\n#11 0x558c2ef7ba80 <unknown>\n#12 0x558c2ef5d8b0 <unknown>\n#13 0x558c2ef7cb63 <unknown>\n#14 0x558c2ef4ef75 <unknown>\n#15 0x558c2ef9f998 <unknown>\n#16 0x558c2ef9fb27 <unknown>\n#17 0x558c2efbac23 <unknown>\n#18 0x7fc13cb30b43 <unknown>","statusTrace":"self = <test_conduit.TestConduit object at 0x7f75a960db10>\n\n    def test_save_data(self):\n>       sign_in(self.browser)\n\ntest_conduit/test_conduit.py:115: \n_ _ _ _ _ _ _ _ _ _ _ _ _ _ _ _ _ _ _ _ _ _ _ _ _ _ _ _ _ _ _ _ _ _ _ _ _ _ _ _ \ntest_conduit/functions.py:22: in sign_in\n    browser, 10).until(\n_ _ _ _ _ _ _ _ _ _ _ _ _ _ _ _ _ _ _ _ _ _ _ _ _ _ _ _ _ _ _ _ _ _ _ _ _ _ _ _ \n\nself = <selenium.webdriver.support.wait.WebDriverWait (session=\"27e9eaa52b1f715ad89c43f696168865\")>\nmethod = <function visibility_of_element_located.<locals>._predicate at 0x7f75a85b0c10>\nmessage = ''\n\n    def until(self, method, message: str = \"\"):\n        \"\"\"Calls the method provided with the driver as an argument until the \\\n        return value does not evaluate to ``False``.\n    \n        :param method: callable(WebDriver)\n        :param message: optional message for :exc:`TimeoutException`\n        :returns: the result of the last call to `method`\n        :raises: :exc:`selenium.common.exceptions.TimeoutException` if timeout occurs\n        \"\"\"\n        screen = None\n        stacktrace = None\n    \n        end_time = time.monotonic() + self._timeout\n        while True:\n            try:\n                value = method(self._driver)\n                if value:\n                    return value\n            except self._ignored_exceptions as exc:\n                screen = getattr(exc, \"screen\", None)\n                stacktrace = getattr(exc, \"stacktrace\", None)\n            time.sleep(self._poll)\n            if time.monotonic() > end_time:\n                break\n>       raise TimeoutException(message, screen, stacktrace)\nE       selenium.common.exceptions.TimeoutException: Message: \nE       Stacktrace:\nE       #0 0x558c2ef23243 <unknown>\nE       #1 0x558c2ece77a6 <unknown>\nE       #2 0x558c2ed2464d <unknown>\nE       #3 0x558c2ed24761 <unknown>\nE       #4 0x558c2ed5fda4 <unknown>\nE       #5 0x558c2ed450ad <unknown>\nE       #6 0x558c2ed5d932 <unknown>\nE       #7 0x558c2ed44e53 <unknown>\nE       #8 0x558c2ed179ea <unknown>\nE       #9 0x558c2ed18b2e <unknown>\nE       #10 0x558c2ef77d5e <unknown>\nE       #11 0x558c2ef7ba80 <unknown>\nE       #12 0x558c2ef5d8b0 <unknown>\nE       #13 0x558c2ef7cb63 <unknown>\nE       #14 0x558c2ef4ef75 <unknown>\nE       #15 0x558c2ef9f998 <unknown>\nE       #16 0x558c2ef9fb27 <unknown>\nE       #17 0x558c2efbac23 <unknown>\nE       #18 0x7fc13cb30b43 <unknown>\n\n/opt/hostedtoolcache/Python/3.10.10/x64/lib/python3.10/site-packages/selenium/webdriver/support/wait.py:95: TimeoutException","flaky":false,"newFailed":false,"newBroken":false,"newPassed":false,"retriesCount":0,"retriesStatusChange":false,"beforeStages":[{"name":"_xunit_setup_method_fixture_TestConduit","time":{"start":1681256611474,"stop":1681256613677,"duration":2203},"status":"passed","steps":[],"attachments":[],"parameters":[],"stepsCount":0,"attachmentsCount":0,"shouldDisplayMessage":false,"hasContent":false}],"afterStages":[{"name":"_xunit_setup_method_fixture_TestConduit::0","time":{"start":1681256624185,"stop":1681256624241,"duration":56},"status":"passed","steps":[],"attachments":[],"parameters":[],"stepsCount":0,"attachmentsCount":0,"shouldDisplayMessage":false,"hasContent":false}],"labels":[{"name":"parentSuite","value":"test_conduit"},{"name":"suite","value":"test_conduit"},{"name":"subSuite","value":"TestConduit"},{"name":"host","value":"fv-az357-6"},{"name":"thread","value":"3127-MainThread"},{"name":"framework","value":"pytest"},{"name":"language","value":"cpython3"},{"name":"package","value":"test_conduit.test_conduit"},{"name":"resultFormat","value":"allure2"}],"parameters":[],"links":[],"hidden":false,"retry":false,"extra":{"severity":"normal","retries":[],"categories":[{"name":"Test defects","matchedStatuses":[],"flaky":false}],"tags":[]},"source":"160cc9b0b99435ae.json","parameterValues":[]}