{"uid":"56ce42596660369a","name":"test_pages","fullName":"test_conduit.test_conduit.TestConduit#test_pages","historyId":"1b29bafe6a819a7a1342228394f54e7e","time":{"start":1681256588130,"stop":1681256598618,"duration":10488},"status":"broken","statusMessage":"selenium.common.exceptions.TimeoutException: Message: \nStacktrace:\n#0 0x55a1cf779243 <unknown>\n#1 0x55a1cf53d7a6 <unknown>\n#2 0x55a1cf57a64d <unknown>\n#3 0x55a1cf57a761 <unknown>\n#4 0x55a1cf5b5da4 <unknown>\n#5 0x55a1cf59b0ad <unknown>\n#6 0x55a1cf5b3932 <unknown>\n#7 0x55a1cf59ae53 <unknown>\n#8 0x55a1cf56d9ea <unknown>\n#9 0x55a1cf56eb2e <unknown>\n#10 0x55a1cf7cdd5e <unknown>\n#11 0x55a1cf7d1a80 <unknown>\n#12 0x55a1cf7b38b0 <unknown>\n#13 0x55a1cf7d2b63 <unknown>\n#14 0x55a1cf7a4f75 <unknown>\n#15 0x55a1cf7f5998 <unknown>\n#16 0x55a1cf7f5b27 <unknown>\n#17 0x55a1cf810c23 <unknown>\n#18 0x7fa6b8259b43 <unknown>","statusTrace":"self = <test_conduit.TestConduit object at 0x7f75a960d8a0>\n\n    def test_pages(self):\n>       sign_in(self.browser)\n\ntest_conduit/test_conduit.py:88: \n_ _ _ _ _ _ _ _ _ _ _ _ _ _ _ _ _ _ _ _ _ _ _ _ _ _ _ _ _ _ _ _ _ _ _ _ _ _ _ _ \ntest_conduit/functions.py:22: in sign_in\n    browser, 10).until(\n_ _ _ _ _ _ _ _ _ _ _ _ _ _ _ _ _ _ _ _ _ _ _ _ _ _ _ _ _ _ _ _ _ _ _ _ _ _ _ _ \n\nself = <selenium.webdriver.support.wait.WebDriverWait (session=\"2199b401be40eacfa3669551752d1ca9\")>\nmethod = <function visibility_of_element_located.<locals>._predicate at 0x7f75a85b0280>\nmessage = ''\n\n    def until(self, method, message: str = \"\"):\n        \"\"\"Calls the method provided with the driver as an argument until the \\\n        return value does not evaluate to ``False``.\n    \n        :param method: callable(WebDriver)\n        :param message: optional message for :exc:`TimeoutException`\n        :returns: the result of the last call to `method`\n        :raises: :exc:`selenium.common.exceptions.TimeoutException` if timeout occurs\n        \"\"\"\n        screen = None\n        stacktrace = None\n    \n        end_time = time.monotonic() + self._timeout\n        while True:\n            try:\n                value = method(self._driver)\n                if value:\n                    return value\n            except self._ignored_exceptions as exc:\n                screen = getattr(exc, \"screen\", None)\n                stacktrace = getattr(exc, \"stacktrace\", None)\n            time.sleep(self._poll)\n            if time.monotonic() > end_time:\n                break\n>       raise TimeoutException(message, screen, stacktrace)\nE       selenium.common.exceptions.TimeoutException: Message: \nE       Stacktrace:\nE       #0 0x55a1cf779243 <unknown>\nE       #1 0x55a1cf53d7a6 <unknown>\nE       #2 0x55a1cf57a64d <unknown>\nE       #3 0x55a1cf57a761 <unknown>\nE       #4 0x55a1cf5b5da4 <unknown>\nE       #5 0x55a1cf59b0ad <unknown>\nE       #6 0x55a1cf5b3932 <unknown>\nE       #7 0x55a1cf59ae53 <unknown>\nE       #8 0x55a1cf56d9ea <unknown>\nE       #9 0x55a1cf56eb2e <unknown>\nE       #10 0x55a1cf7cdd5e <unknown>\nE       #11 0x55a1cf7d1a80 <unknown>\nE       #12 0x55a1cf7b38b0 <unknown>\nE       #13 0x55a1cf7d2b63 <unknown>\nE       #14 0x55a1cf7a4f75 <unknown>\nE       #15 0x55a1cf7f5998 <unknown>\nE       #16 0x55a1cf7f5b27 <unknown>\nE       #17 0x55a1cf810c23 <unknown>\nE       #18 0x7fa6b8259b43 <unknown>\n\n/opt/hostedtoolcache/Python/3.10.10/x64/lib/python3.10/site-packages/selenium/webdriver/support/wait.py:95: TimeoutException","flaky":false,"newFailed":false,"newBroken":false,"newPassed":false,"retriesCount":0,"retriesStatusChange":false,"beforeStages":[{"name":"_xunit_setup_method_fixture_TestConduit","time":{"start":1681256585929,"stop":1681256588129,"duration":2200},"status":"passed","steps":[],"attachments":[],"parameters":[],"stepsCount":0,"attachmentsCount":0,"shouldDisplayMessage":false,"hasContent":false}],"afterStages":[{"name":"_xunit_setup_method_fixture_TestConduit::0","time":{"start":1681256598627,"stop":1681256598683,"duration":56},"status":"passed","steps":[],"attachments":[],"parameters":[],"stepsCount":0,"attachmentsCount":0,"shouldDisplayMessage":false,"hasContent":false}],"labels":[{"name":"parentSuite","value":"test_conduit"},{"name":"suite","value":"test_conduit"},{"name":"subSuite","value":"TestConduit"},{"name":"host","value":"fv-az357-6"},{"name":"thread","value":"3127-MainThread"},{"name":"framework","value":"pytest"},{"name":"language","value":"cpython3"},{"name":"package","value":"test_conduit.test_conduit"},{"name":"resultFormat","value":"allure2"}],"parameters":[],"links":[],"hidden":false,"retry":false,"extra":{"severity":"normal","retries":[],"categories":[{"name":"Test defects","matchedStatuses":[],"flaky":false}],"tags":[]},"source":"56ce42596660369a.json","parameterValues":[]}