{"uid":"907cce7d8cbcb956","name":"test_logout","fullName":"test_conduit.test_conduit.TestConduit#test_logout","historyId":"4c7b761067e175bd7d7e4ebf6a5e143a","time":{"start":1681256549845,"stop":1681256560342,"duration":10497},"status":"broken","statusMessage":"selenium.common.exceptions.TimeoutException: Message: \nStacktrace:\n#0 0x560296872243 <unknown>\n#1 0x5602966367a6 <unknown>\n#2 0x56029667364d <unknown>\n#3 0x560296673761 <unknown>\n#4 0x5602966aeda4 <unknown>\n#5 0x5602966940ad <unknown>\n#6 0x5602966ac932 <unknown>\n#7 0x560296693e53 <unknown>\n#8 0x5602966669ea <unknown>\n#9 0x560296667b2e <unknown>\n#10 0x5602968c6d5e <unknown>\n#11 0x5602968caa80 <unknown>\n#12 0x5602968ac8b0 <unknown>\n#13 0x5602968cbb63 <unknown>\n#14 0x56029689df75 <unknown>\n#15 0x5602968ee998 <unknown>\n#16 0x5602968eeb27 <unknown>\n#17 0x560296909c23 <unknown>\n#18 0x7f01ce384b43 <unknown>","statusTrace":"self = <test_conduit.TestConduit object at 0x7f75a960ca30>\n\n    def test_logout(self):\n>       sign_in(self.browser)\n\ntest_conduit/test_conduit.py:53: \n_ _ _ _ _ _ _ _ _ _ _ _ _ _ _ _ _ _ _ _ _ _ _ _ _ _ _ _ _ _ _ _ _ _ _ _ _ _ _ _ \ntest_conduit/functions.py:22: in sign_in\n    browser, 10).until(\n_ _ _ _ _ _ _ _ _ _ _ _ _ _ _ _ _ _ _ _ _ _ _ _ _ _ _ _ _ _ _ _ _ _ _ _ _ _ _ _ \n\nself = <selenium.webdriver.support.wait.WebDriverWait (session=\"7a3e456b9f8ff9144dd9b4d85e88e3d0\")>\nmethod = <function visibility_of_element_located.<locals>._predicate at 0x7f75a8553a30>\nmessage = ''\n\n    def until(self, method, message: str = \"\"):\n        \"\"\"Calls the method provided with the driver as an argument until the \\\n        return value does not evaluate to ``False``.\n    \n        :param method: callable(WebDriver)\n        :param message: optional message for :exc:`TimeoutException`\n        :returns: the result of the last call to `method`\n        :raises: :exc:`selenium.common.exceptions.TimeoutException` if timeout occurs\n        \"\"\"\n        screen = None\n        stacktrace = None\n    \n        end_time = time.monotonic() + self._timeout\n        while True:\n            try:\n                value = method(self._driver)\n                if value:\n                    return value\n            except self._ignored_exceptions as exc:\n                screen = getattr(exc, \"screen\", None)\n                stacktrace = getattr(exc, \"stacktrace\", None)\n            time.sleep(self._poll)\n            if time.monotonic() > end_time:\n                break\n>       raise TimeoutException(message, screen, stacktrace)\nE       selenium.common.exceptions.TimeoutException: Message: \nE       Stacktrace:\nE       #0 0x560296872243 <unknown>\nE       #1 0x5602966367a6 <unknown>\nE       #2 0x56029667364d <unknown>\nE       #3 0x560296673761 <unknown>\nE       #4 0x5602966aeda4 <unknown>\nE       #5 0x5602966940ad <unknown>\nE       #6 0x5602966ac932 <unknown>\nE       #7 0x560296693e53 <unknown>\nE       #8 0x5602966669ea <unknown>\nE       #9 0x560296667b2e <unknown>\nE       #10 0x5602968c6d5e <unknown>\nE       #11 0x5602968caa80 <unknown>\nE       #12 0x5602968ac8b0 <unknown>\nE       #13 0x5602968cbb63 <unknown>\nE       #14 0x56029689df75 <unknown>\nE       #15 0x5602968ee998 <unknown>\nE       #16 0x5602968eeb27 <unknown>\nE       #17 0x560296909c23 <unknown>\nE       #18 0x7f01ce384b43 <unknown>\n\n/opt/hostedtoolcache/Python/3.10.10/x64/lib/python3.10/site-packages/selenium/webdriver/support/wait.py:95: TimeoutException","flaky":false,"newFailed":false,"newBroken":false,"newPassed":false,"retriesCount":0,"retriesStatusChange":false,"beforeStages":[{"name":"_xunit_setup_method_fixture_TestConduit","time":{"start":1681256547616,"stop":1681256549844,"duration":2228},"status":"passed","steps":[],"attachments":[],"parameters":[],"stepsCount":0,"attachmentsCount":0,"shouldDisplayMessage":false,"hasContent":false}],"afterStages":[{"name":"_xunit_setup_method_fixture_TestConduit::0","time":{"start":1681256560351,"stop":1681256560408,"duration":57},"status":"passed","steps":[],"attachments":[],"parameters":[],"stepsCount":0,"attachmentsCount":0,"shouldDisplayMessage":false,"hasContent":false}],"labels":[{"name":"parentSuite","value":"test_conduit"},{"name":"suite","value":"test_conduit"},{"name":"subSuite","value":"TestConduit"},{"name":"host","value":"fv-az357-6"},{"name":"thread","value":"3127-MainThread"},{"name":"framework","value":"pytest"},{"name":"language","value":"cpython3"},{"name":"package","value":"test_conduit.test_conduit"},{"name":"resultFormat","value":"allure2"}],"parameters":[],"links":[],"hidden":false,"retry":false,"extra":{"severity":"normal","retries":[],"categories":[{"name":"Test defects","matchedStatuses":[],"flaky":false}],"tags":[]},"source":"907cce7d8cbcb956.json","parameterValues":[]}