{"uid":"d18c8fddc2f72c1f","name":"test_new_comments","fullName":"test_conduit.test_conduit.TestConduit#test_new_comments","historyId":"0c56c639cd3d71c46b1751ee08d18f31","time":{"start":1681256600925,"stop":1681256611405,"duration":10480},"status":"broken","statusMessage":"selenium.common.exceptions.TimeoutException: Message: \nStacktrace:\n#0 0x562e6f6c5243 <unknown>\n#1 0x562e6f4897a6 <unknown>\n#2 0x562e6f4c664d <unknown>\n#3 0x562e6f4c6761 <unknown>\n#4 0x562e6f501da4 <unknown>\n#5 0x562e6f4e70ad <unknown>\n#6 0x562e6f4ff932 <unknown>\n#7 0x562e6f4e6e53 <unknown>\n#8 0x562e6f4b99ea <unknown>\n#9 0x562e6f4bab2e <unknown>\n#10 0x562e6f719d5e <unknown>\n#11 0x562e6f71da80 <unknown>\n#12 0x562e6f6ff8b0 <unknown>\n#13 0x562e6f71eb63 <unknown>\n#14 0x562e6f6f0f75 <unknown>\n#15 0x562e6f741998 <unknown>\n#16 0x562e6f741b27 <unknown>\n#17 0x562e6f75cc23 <unknown>\n#18 0x7ff4ace75b43 <unknown>","statusTrace":"self = <test_conduit.TestConduit object at 0x7f75a960da50>\n\n    def test_new_comments(self):\n>       sign_in(self.browser)\n\ntest_conduit/test_conduit.py:96: \n_ _ _ _ _ _ _ _ _ _ _ _ _ _ _ _ _ _ _ _ _ _ _ _ _ _ _ _ _ _ _ _ _ _ _ _ _ _ _ _ \ntest_conduit/functions.py:22: in sign_in\n    browser, 10).until(\n_ _ _ _ _ _ _ _ _ _ _ _ _ _ _ _ _ _ _ _ _ _ _ _ _ _ _ _ _ _ _ _ _ _ _ _ _ _ _ _ \n\nself = <selenium.webdriver.support.wait.WebDriverWait (session=\"97bcdb99ab59051ac1467195aca4e3fc\")>\nmethod = <function visibility_of_element_located.<locals>._predicate at 0x7f75a85b0160>\nmessage = ''\n\n    def until(self, method, message: str = \"\"):\n        \"\"\"Calls the method provided with the driver as an argument until the \\\n        return value does not evaluate to ``False``.\n    \n        :param method: callable(WebDriver)\n        :param message: optional message for :exc:`TimeoutException`\n        :returns: the result of the last call to `method`\n        :raises: :exc:`selenium.common.exceptions.TimeoutException` if timeout occurs\n        \"\"\"\n        screen = None\n        stacktrace = None\n    \n        end_time = time.monotonic() + self._timeout\n        while True:\n            try:\n                value = method(self._driver)\n                if value:\n                    return value\n            except self._ignored_exceptions as exc:\n                screen = getattr(exc, \"screen\", None)\n                stacktrace = getattr(exc, \"stacktrace\", None)\n            time.sleep(self._poll)\n            if time.monotonic() > end_time:\n                break\n>       raise TimeoutException(message, screen, stacktrace)\nE       selenium.common.exceptions.TimeoutException: Message: \nE       Stacktrace:\nE       #0 0x562e6f6c5243 <unknown>\nE       #1 0x562e6f4897a6 <unknown>\nE       #2 0x562e6f4c664d <unknown>\nE       #3 0x562e6f4c6761 <unknown>\nE       #4 0x562e6f501da4 <unknown>\nE       #5 0x562e6f4e70ad <unknown>\nE       #6 0x562e6f4ff932 <unknown>\nE       #7 0x562e6f4e6e53 <unknown>\nE       #8 0x562e6f4b99ea <unknown>\nE       #9 0x562e6f4bab2e <unknown>\nE       #10 0x562e6f719d5e <unknown>\nE       #11 0x562e6f71da80 <unknown>\nE       #12 0x562e6f6ff8b0 <unknown>\nE       #13 0x562e6f71eb63 <unknown>\nE       #14 0x562e6f6f0f75 <unknown>\nE       #15 0x562e6f741998 <unknown>\nE       #16 0x562e6f741b27 <unknown>\nE       #17 0x562e6f75cc23 <unknown>\nE       #18 0x7ff4ace75b43 <unknown>\n\n/opt/hostedtoolcache/Python/3.10.10/x64/lib/python3.10/site-packages/selenium/webdriver/support/wait.py:95: TimeoutException","flaky":false,"newFailed":false,"newBroken":false,"newPassed":false,"retriesCount":0,"retriesStatusChange":false,"beforeStages":[{"name":"_xunit_setup_method_fixture_TestConduit","time":{"start":1681256598685,"stop":1681256600924,"duration":2239},"status":"passed","steps":[],"attachments":[],"parameters":[],"stepsCount":0,"attachmentsCount":0,"shouldDisplayMessage":false,"hasContent":false}],"afterStages":[{"name":"_xunit_setup_method_fixture_TestConduit::0","time":{"start":1681256611415,"stop":1681256611472,"duration":57},"status":"passed","steps":[],"attachments":[],"parameters":[],"stepsCount":0,"attachmentsCount":0,"shouldDisplayMessage":false,"hasContent":false}],"labels":[{"name":"parentSuite","value":"test_conduit"},{"name":"suite","value":"test_conduit"},{"name":"subSuite","value":"TestConduit"},{"name":"host","value":"fv-az357-6"},{"name":"thread","value":"3127-MainThread"},{"name":"framework","value":"pytest"},{"name":"language","value":"cpython3"},{"name":"package","value":"test_conduit.test_conduit"},{"name":"resultFormat","value":"allure2"}],"parameters":[],"links":[],"hidden":false,"retry":false,"extra":{"severity":"normal","retries":[],"categories":[{"name":"Test defects","matchedStatuses":[],"flaky":false}],"tags":[]},"source":"d18c8fddc2f72c1f.json","parameterValues":[]}