{"uid":"f707205908651faf","name":"test_change_bio","fullName":"test_conduit.test_conduit.TestConduit#test_change_bio","historyId":"003aaed1a3c26f57a2aa8dec9ae01af7","time":{"start":1681256626446,"stop":1681256636946,"duration":10500},"status":"broken","statusMessage":"selenium.common.exceptions.TimeoutException: Message: \nStacktrace:\n#0 0x55e236f0d243 <unknown>\n#1 0x55e236cd17a6 <unknown>\n#2 0x55e236d0e64d <unknown>\n#3 0x55e236d0e761 <unknown>\n#4 0x55e236d49da4 <unknown>\n#5 0x55e236d2f0ad <unknown>\n#6 0x55e236d47932 <unknown>\n#7 0x55e236d2ee53 <unknown>\n#8 0x55e236d019ea <unknown>\n#9 0x55e236d02b2e <unknown>\n#10 0x55e236f61d5e <unknown>\n#11 0x55e236f65a80 <unknown>\n#12 0x55e236f478b0 <unknown>\n#13 0x55e236f66b63 <unknown>\n#14 0x55e236f38f75 <unknown>\n#15 0x55e236f89998 <unknown>\n#16 0x55e236f89b27 <unknown>\n#17 0x55e236fa4c23 <unknown>\n#18 0x7fb61bc3db43 <unknown>","statusTrace":"self = <test_conduit.TestConduit object at 0x7f75a960dd20>\n\n    def test_change_bio(self):\n>       sign_in(self.browser)\n\ntest_conduit/test_conduit.py:132: \n_ _ _ _ _ _ _ _ _ _ _ _ _ _ _ _ _ _ _ _ _ _ _ _ _ _ _ _ _ _ _ _ _ _ _ _ _ _ _ _ \ntest_conduit/functions.py:22: in sign_in\n    browser, 10).until(\n_ _ _ _ _ _ _ _ _ _ _ _ _ _ _ _ _ _ _ _ _ _ _ _ _ _ _ _ _ _ _ _ _ _ _ _ _ _ _ _ \n\nself = <selenium.webdriver.support.wait.WebDriverWait (session=\"f6dda1e840bfa12abc5dc07b6851be0a\")>\nmethod = <function visibility_of_element_located.<locals>._predicate at 0x7f75a85b16c0>\nmessage = ''\n\n    def until(self, method, message: str = \"\"):\n        \"\"\"Calls the method provided with the driver as an argument until the \\\n        return value does not evaluate to ``False``.\n    \n        :param method: callable(WebDriver)\n        :param message: optional message for :exc:`TimeoutException`\n        :returns: the result of the last call to `method`\n        :raises: :exc:`selenium.common.exceptions.TimeoutException` if timeout occurs\n        \"\"\"\n        screen = None\n        stacktrace = None\n    \n        end_time = time.monotonic() + self._timeout\n        while True:\n            try:\n                value = method(self._driver)\n                if value:\n                    return value\n            except self._ignored_exceptions as exc:\n                screen = getattr(exc, \"screen\", None)\n                stacktrace = getattr(exc, \"stacktrace\", None)\n            time.sleep(self._poll)\n            if time.monotonic() > end_time:\n                break\n>       raise TimeoutException(message, screen, stacktrace)\nE       selenium.common.exceptions.TimeoutException: Message: \nE       Stacktrace:\nE       #0 0x55e236f0d243 <unknown>\nE       #1 0x55e236cd17a6 <unknown>\nE       #2 0x55e236d0e64d <unknown>\nE       #3 0x55e236d0e761 <unknown>\nE       #4 0x55e236d49da4 <unknown>\nE       #5 0x55e236d2f0ad <unknown>\nE       #6 0x55e236d47932 <unknown>\nE       #7 0x55e236d2ee53 <unknown>\nE       #8 0x55e236d019ea <unknown>\nE       #9 0x55e236d02b2e <unknown>\nE       #10 0x55e236f61d5e <unknown>\nE       #11 0x55e236f65a80 <unknown>\nE       #12 0x55e236f478b0 <unknown>\nE       #13 0x55e236f66b63 <unknown>\nE       #14 0x55e236f38f75 <unknown>\nE       #15 0x55e236f89998 <unknown>\nE       #16 0x55e236f89b27 <unknown>\nE       #17 0x55e236fa4c23 <unknown>\nE       #18 0x7fb61bc3db43 <unknown>\n\n/opt/hostedtoolcache/Python/3.10.10/x64/lib/python3.10/site-packages/selenium/webdriver/support/wait.py:95: TimeoutException","flaky":false,"newFailed":false,"newBroken":false,"newPassed":false,"retriesCount":0,"retriesStatusChange":false,"beforeStages":[{"name":"_xunit_setup_method_fixture_TestConduit","time":{"start":1681256624242,"stop":1681256626445,"duration":2203},"status":"passed","steps":[],"attachments":[],"parameters":[],"stepsCount":0,"attachmentsCount":0,"shouldDisplayMessage":false,"hasContent":false}],"afterStages":[{"name":"_xunit_setup_method_fixture_TestConduit::0","time":{"start":1681256636955,"stop":1681256637011,"duration":56},"status":"passed","steps":[],"attachments":[],"parameters":[],"stepsCount":0,"attachmentsCount":0,"shouldDisplayMessage":false,"hasContent":false}],"labels":[{"name":"parentSuite","value":"test_conduit"},{"name":"suite","value":"test_conduit"},{"name":"subSuite","value":"TestConduit"},{"name":"host","value":"fv-az357-6"},{"name":"thread","value":"3127-MainThread"},{"name":"framework","value":"pytest"},{"name":"language","value":"cpython3"},{"name":"package","value":"test_conduit.test_conduit"},{"name":"resultFormat","value":"allure2"}],"parameters":[],"links":[],"hidden":false,"retry":false,"extra":{"severity":"normal","retries":[],"categories":[{"name":"Test defects","matchedStatuses":[],"flaky":false}],"tags":[]},"source":"f707205908651faf.json","parameterValues":[]}