{"uid":"367745ea8a5219e2","name":"test_logout","fullName":"test_conduit.test_conduit.TestConduit#test_logout","historyId":"4c7b761067e175bd7d7e4ebf6a5e143a","time":{"start":1681371844654,"stop":1681371881446,"duration":36792},"status":"broken","statusMessage":"selenium.common.exceptions.TimeoutException: Message: \nStacktrace:\n#0 0x564d849ea243 <unknown>\n#1 0x564d847ae7a6 <unknown>\n#2 0x564d847eb64d <unknown>\n#3 0x564d847eb761 <unknown>\n#4 0x564d84826da4 <unknown>\n#5 0x564d8480c0ad <unknown>\n#6 0x564d84824932 <unknown>\n#7 0x564d8480be53 <unknown>\n#8 0x564d847de9ea <unknown>\n#9 0x564d847dfb2e <unknown>\n#10 0x564d84a3ed5e <unknown>\n#11 0x564d84a42a80 <unknown>\n#12 0x564d84a248b0 <unknown>\n#13 0x564d84a43b63 <unknown>\n#14 0x564d84a15f75 <unknown>\n#15 0x564d84a66998 <unknown>\n#16 0x564d84a66b27 <unknown>\n#17 0x564d84a81c23 <unknown>\n#18 0x7f3fa66cdb43 <unknown>","statusTrace":"self = <test_conduit.TestConduit object at 0x7f8020dd1360>\n\n    def test_logout(self):\n        sign_in(self.browser)\n        time.sleep(8)\n        # logout_button = self.browser.find_element(By.XPATH, '//i[@class=\"ion-android-exit\"]')\n>       logout_button = wait_for_element(self.browser, '//a[@active-class=\"active\"]')\n\ntest_conduit/test_conduit.py:58: \n_ _ _ _ _ _ _ _ _ _ _ _ _ _ _ _ _ _ _ _ _ _ _ _ _ _ _ _ _ _ _ _ _ _ _ _ _ _ _ _ \ntest_conduit/functions.py:26: in wait_for_element\n    element = WebDriverWait(browser, 20).until(EC.presence_of_element_located((By.XPATH, value)))\n_ _ _ _ _ _ _ _ _ _ _ _ _ _ _ _ _ _ _ _ _ _ _ _ _ _ _ _ _ _ _ _ _ _ _ _ _ _ _ _ \n\nself = <selenium.webdriver.support.wait.WebDriverWait (session=\"3818c64ae43e4cfd24a798c6e855b60d\")>\nmethod = <function presence_of_element_located.<locals>._predicate at 0x7f801fce2830>\nmessage = ''\n\n    def until(self, method, message: str = \"\"):\n        \"\"\"Calls the method provided with the driver as an argument until the \\\n        return value does not evaluate to ``False``.\n    \n        :param method: callable(WebDriver)\n        :param message: optional message for :exc:`TimeoutException`\n        :returns: the result of the last call to `method`\n        :raises: :exc:`selenium.common.exceptions.TimeoutException` if timeout occurs\n        \"\"\"\n        screen = None\n        stacktrace = None\n    \n        end_time = time.monotonic() + self._timeout\n        while True:\n            try:\n                value = method(self._driver)\n                if value:\n                    return value\n            except self._ignored_exceptions as exc:\n                screen = getattr(exc, \"screen\", None)\n                stacktrace = getattr(exc, \"stacktrace\", None)\n            time.sleep(self._poll)\n            if time.monotonic() > end_time:\n                break\n>       raise TimeoutException(message, screen, stacktrace)\nE       selenium.common.exceptions.TimeoutException: Message: \nE       Stacktrace:\nE       #0 0x564d849ea243 <unknown>\nE       #1 0x564d847ae7a6 <unknown>\nE       #2 0x564d847eb64d <unknown>\nE       #3 0x564d847eb761 <unknown>\nE       #4 0x564d84826da4 <unknown>\nE       #5 0x564d8480c0ad <unknown>\nE       #6 0x564d84824932 <unknown>\nE       #7 0x564d8480be53 <unknown>\nE       #8 0x564d847de9ea <unknown>\nE       #9 0x564d847dfb2e <unknown>\nE       #10 0x564d84a3ed5e <unknown>\nE       #11 0x564d84a42a80 <unknown>\nE       #12 0x564d84a248b0 <unknown>\nE       #13 0x564d84a43b63 <unknown>\nE       #14 0x564d84a15f75 <unknown>\nE       #15 0x564d84a66998 <unknown>\nE       #16 0x564d84a66b27 <unknown>\nE       #17 0x564d84a81c23 <unknown>\nE       #18 0x7f3fa66cdb43 <unknown>\n\n/opt/hostedtoolcache/Python/3.10.10/x64/lib/python3.10/site-packages/selenium/webdriver/support/wait.py:95: TimeoutException","flaky":false,"newFailed":false,"newBroken":false,"newPassed":false,"retriesCount":0,"retriesStatusChange":false,"beforeStages":[{"name":"_xunit_setup_method_fixture_TestConduit","time":{"start":1681371843293,"stop":1681371844653,"duration":1360},"status":"passed","steps":[],"attachments":[],"parameters":[],"stepsCount":0,"attachmentsCount":0,"shouldDisplayMessage":false,"hasContent":false}],"afterStages":[{"name":"_xunit_setup_method_fixture_TestConduit::0","time":{"start":1681371881453,"stop":1681371881508,"duration":55},"status":"passed","steps":[],"attachments":[],"parameters":[],"stepsCount":0,"attachmentsCount":0,"shouldDisplayMessage":false,"hasContent":false}],"labels":[{"name":"parentSuite","value":"test_conduit"},{"name":"suite","value":"test_conduit"},{"name":"subSuite","value":"TestConduit"},{"name":"host","value":"fv-az398-559"},{"name":"thread","value":"3116-MainThread"},{"name":"framework","value":"pytest"},{"name":"language","value":"cpython3"},{"name":"package","value":"test_conduit.test_conduit"},{"name":"resultFormat","value":"allure2"}],"parameters":[],"links":[],"hidden":false,"retry":false,"extra":{"severity":"normal","retries":[],"categories":[{"name":"Test defects","matchedStatuses":[],"flaky":false}],"tags":[]},"source":"367745ea8a5219e2.json","parameterValues":[]}