{"uid":"a4026409f30cea6f","name":"test_login","fullName":"test_conduit.test_conduit.TestConduit#test_login","historyId":"1364295df6123b1f7d0675ef0135443f","time":{"start":1681371822333,"stop":1681371843191,"duration":20858},"status":"broken","statusMessage":"selenium.common.exceptions.TimeoutException: Message: \nStacktrace:\n#0 0x55a11e7a2243 <unknown>\n#1 0x55a11e5667a6 <unknown>\n#2 0x55a11e5a364d <unknown>\n#3 0x55a11e5a3761 <unknown>\n#4 0x55a11e5deda4 <unknown>\n#5 0x55a11e5c40ad <unknown>\n#6 0x55a11e5dc932 <unknown>\n#7 0x55a11e5c3e53 <unknown>\n#8 0x55a11e5969ea <unknown>\n#9 0x55a11e597b2e <unknown>\n#10 0x55a11e7f6d5e <unknown>\n#11 0x55a11e7faa80 <unknown>\n#12 0x55a11e7dc8b0 <unknown>\n#13 0x55a11e7fbb63 <unknown>\n#14 0x55a11e7cdf75 <unknown>\n#15 0x55a11e81e998 <unknown>\n#16 0x55a11e81eb27 <unknown>\n#17 0x55a11e839c23 <unknown>\n#18 0x7ff504b94b43 <unknown>","statusTrace":"self = <test_conduit.TestConduit object at 0x7f8020dd17e0>\n\n    def test_login(self):\n        self.browser.find_element(By.XPATH, \"//a[@href='#/login']\").click()\n        element = wait_for_element(self.browser, \"//h1[contains(text(),'Sign in')]\")\n        self.browser.find_element(By.XPATH, \"//input[@placeholder='Email']\").send_keys(\"avokado02@blabla.com\")\n        self.browser.find_element(By.XPATH, \"//input[@placeholder='Password']\").send_keys(\"Avokado02\")\n        self.browser.find_element(By.XPATH, \"//button[contains(text(),'Sign in')]\").click()\n        # time.sleep(8)\n>       logout_btn = wait_for_element(self.browser, \"//a[@active-class='active']\")\n\ntest_conduit/test_conduit.py:50: \n_ _ _ _ _ _ _ _ _ _ _ _ _ _ _ _ _ _ _ _ _ _ _ _ _ _ _ _ _ _ _ _ _ _ _ _ _ _ _ _ \ntest_conduit/functions.py:26: in wait_for_element\n    element = WebDriverWait(browser, 20).until(EC.presence_of_element_located((By.XPATH, value)))\n_ _ _ _ _ _ _ _ _ _ _ _ _ _ _ _ _ _ _ _ _ _ _ _ _ _ _ _ _ _ _ _ _ _ _ _ _ _ _ _ \n\nself = <selenium.webdriver.support.wait.WebDriverWait (session=\"b441096580165b9ddb95ac912d106504\")>\nmethod = <function presence_of_element_located.<locals>._predicate at 0x7f8020e7ab90>\nmessage = ''\n\n    def until(self, method, message: str = \"\"):\n        \"\"\"Calls the method provided with the driver as an argument until the \\\n        return value does not evaluate to ``False``.\n    \n        :param method: callable(WebDriver)\n        :param message: optional message for :exc:`TimeoutException`\n        :returns: the result of the last call to `method`\n        :raises: :exc:`selenium.common.exceptions.TimeoutException` if timeout occurs\n        \"\"\"\n        screen = None\n        stacktrace = None\n    \n        end_time = time.monotonic() + self._timeout\n        while True:\n            try:\n                value = method(self._driver)\n                if value:\n                    return value\n            except self._ignored_exceptions as exc:\n                screen = getattr(exc, \"screen\", None)\n                stacktrace = getattr(exc, \"stacktrace\", None)\n            time.sleep(self._poll)\n            if time.monotonic() > end_time:\n                break\n>       raise TimeoutException(message, screen, stacktrace)\nE       selenium.common.exceptions.TimeoutException: Message: \nE       Stacktrace:\nE       #0 0x55a11e7a2243 <unknown>\nE       #1 0x55a11e5667a6 <unknown>\nE       #2 0x55a11e5a364d <unknown>\nE       #3 0x55a11e5a3761 <unknown>\nE       #4 0x55a11e5deda4 <unknown>\nE       #5 0x55a11e5c40ad <unknown>\nE       #6 0x55a11e5dc932 <unknown>\nE       #7 0x55a11e5c3e53 <unknown>\nE       #8 0x55a11e5969ea <unknown>\nE       #9 0x55a11e597b2e <unknown>\nE       #10 0x55a11e7f6d5e <unknown>\nE       #11 0x55a11e7faa80 <unknown>\nE       #12 0x55a11e7dc8b0 <unknown>\nE       #13 0x55a11e7fbb63 <unknown>\nE       #14 0x55a11e7cdf75 <unknown>\nE       #15 0x55a11e81e998 <unknown>\nE       #16 0x55a11e81eb27 <unknown>\nE       #17 0x55a11e839c23 <unknown>\nE       #18 0x7ff504b94b43 <unknown>\n\n/opt/hostedtoolcache/Python/3.10.10/x64/lib/python3.10/site-packages/selenium/webdriver/support/wait.py:95: TimeoutException","flaky":false,"newFailed":false,"newBroken":false,"newPassed":false,"retriesCount":0,"retriesStatusChange":false,"beforeStages":[{"name":"_xunit_setup_method_fixture_TestConduit","time":{"start":1681371820896,"stop":1681371822332,"duration":1436},"status":"passed","steps":[],"attachments":[],"parameters":[],"stepsCount":0,"attachmentsCount":0,"shouldDisplayMessage":false,"hasContent":false}],"afterStages":[{"name":"_xunit_setup_method_fixture_TestConduit::0","time":{"start":1681371843235,"stop":1681371843291,"duration":56},"status":"passed","steps":[],"attachments":[],"parameters":[],"stepsCount":0,"attachmentsCount":0,"shouldDisplayMessage":false,"hasContent":false}],"labels":[{"name":"parentSuite","value":"test_conduit"},{"name":"suite","value":"test_conduit"},{"name":"subSuite","value":"TestConduit"},{"name":"host","value":"fv-az398-559"},{"name":"thread","value":"3116-MainThread"},{"name":"framework","value":"pytest"},{"name":"language","value":"cpython3"},{"name":"package","value":"test_conduit.test_conduit"},{"name":"resultFormat","value":"allure2"}],"parameters":[],"links":[],"hidden":false,"retry":false,"extra":{"severity":"normal","retries":[],"categories":[{"name":"Test defects","matchedStatuses":[],"flaky":false}],"tags":[]},"source":"a4026409f30cea6f.json","parameterValues":[]}