{"uid":"ab9984c88896ce27","name":"test_logout","fullName":"test_conduit.test_conduit.TestConduit#test_logout","historyId":"4c7b761067e175bd7d7e4ebf6a5e143a","time":{"start":1681371604839,"stop":1681371631491,"duration":26652},"status":"broken","statusMessage":"selenium.common.exceptions.TimeoutException: Message: \nStacktrace:\n#0 0x556d69e19243 <unknown>\n#1 0x556d69bdd7a6 <unknown>\n#2 0x556d69c1a64d <unknown>\n#3 0x556d69c1a761 <unknown>\n#4 0x556d69c55da4 <unknown>\n#5 0x556d69c3b0ad <unknown>\n#6 0x556d69c53932 <unknown>\n#7 0x556d69c3ae53 <unknown>\n#8 0x556d69c0d9ea <unknown>\n#9 0x556d69c0eb2e <unknown>\n#10 0x556d69e6dd5e <unknown>\n#11 0x556d69e71a80 <unknown>\n#12 0x556d69e538b0 <unknown>\n#13 0x556d69e72b63 <unknown>\n#14 0x556d69e44f75 <unknown>\n#15 0x556d69e95998 <unknown>\n#16 0x556d69e95b27 <unknown>\n#17 0x556d69eb0c23 <unknown>\n#18 0x7ff36a3ccb43 <unknown>","statusTrace":"self = <test_conduit.TestConduit object at 0x7ff0aee51480>\n\n    def test_logout(self):\n        sign_in(self.browser)\n        time.sleep(8)\n        # logout_button = self.browser.find_element(By.XPATH, '//i[@class=\"ion-android-exit\"]')\n>       logout_button = wait_for_element(self.browser, '//a[@active-class=\"active\"]')\n\ntest_conduit/test_conduit.py:58: \n_ _ _ _ _ _ _ _ _ _ _ _ _ _ _ _ _ _ _ _ _ _ _ _ _ _ _ _ _ _ _ _ _ _ _ _ _ _ _ _ \ntest_conduit/functions.py:26: in wait_for_element\n    element = WebDriverWait(browser, 10).until(EC.presence_of_element_located((By.XPATH, value)))\n_ _ _ _ _ _ _ _ _ _ _ _ _ _ _ _ _ _ _ _ _ _ _ _ _ _ _ _ _ _ _ _ _ _ _ _ _ _ _ _ \n\nself = <selenium.webdriver.support.wait.WebDriverWait (session=\"bceaac166c2ca0da092cf21d6deda7a3\")>\nmethod = <function presence_of_element_located.<locals>._predicate at 0x7ff0adb5e830>\nmessage = ''\n\n    def until(self, method, message: str = \"\"):\n        \"\"\"Calls the method provided with the driver as an argument until the \\\n        return value does not evaluate to ``False``.\n    \n        :param method: callable(WebDriver)\n        :param message: optional message for :exc:`TimeoutException`\n        :returns: the result of the last call to `method`\n        :raises: :exc:`selenium.common.exceptions.TimeoutException` if timeout occurs\n        \"\"\"\n        screen = None\n        stacktrace = None\n    \n        end_time = time.monotonic() + self._timeout\n        while True:\n            try:\n                value = method(self._driver)\n                if value:\n                    return value\n            except self._ignored_exceptions as exc:\n                screen = getattr(exc, \"screen\", None)\n                stacktrace = getattr(exc, \"stacktrace\", None)\n            time.sleep(self._poll)\n            if time.monotonic() > end_time:\n                break\n>       raise TimeoutException(message, screen, stacktrace)\nE       selenium.common.exceptions.TimeoutException: Message: \nE       Stacktrace:\nE       #0 0x556d69e19243 <unknown>\nE       #1 0x556d69bdd7a6 <unknown>\nE       #2 0x556d69c1a64d <unknown>\nE       #3 0x556d69c1a761 <unknown>\nE       #4 0x556d69c55da4 <unknown>\nE       #5 0x556d69c3b0ad <unknown>\nE       #6 0x556d69c53932 <unknown>\nE       #7 0x556d69c3ae53 <unknown>\nE       #8 0x556d69c0d9ea <unknown>\nE       #9 0x556d69c0eb2e <unknown>\nE       #10 0x556d69e6dd5e <unknown>\nE       #11 0x556d69e71a80 <unknown>\nE       #12 0x556d69e538b0 <unknown>\nE       #13 0x556d69e72b63 <unknown>\nE       #14 0x556d69e44f75 <unknown>\nE       #15 0x556d69e95998 <unknown>\nE       #16 0x556d69e95b27 <unknown>\nE       #17 0x556d69eb0c23 <unknown>\nE       #18 0x7ff36a3ccb43 <unknown>\n\n/opt/hostedtoolcache/Python/3.10.10/x64/lib/python3.10/site-packages/selenium/webdriver/support/wait.py:95: TimeoutException","flaky":false,"newFailed":false,"newBroken":false,"newPassed":false,"retriesCount":0,"retriesStatusChange":false,"beforeStages":[{"name":"_xunit_setup_method_fixture_TestConduit","time":{"start":1681371603425,"stop":1681371604838,"duration":1413},"status":"passed","steps":[],"attachments":[],"parameters":[],"stepsCount":0,"attachmentsCount":0,"shouldDisplayMessage":false,"hasContent":false}],"afterStages":[{"name":"_xunit_setup_method_fixture_TestConduit::0","time":{"start":1681371631499,"stop":1681371631556,"duration":57},"status":"passed","steps":[],"attachments":[],"parameters":[],"stepsCount":0,"attachmentsCount":0,"shouldDisplayMessage":false,"hasContent":false}],"labels":[{"name":"parentSuite","value":"test_conduit"},{"name":"suite","value":"test_conduit"},{"name":"subSuite","value":"TestConduit"},{"name":"host","value":"fv-az1131-280"},{"name":"thread","value":"3105-MainThread"},{"name":"framework","value":"pytest"},{"name":"language","value":"cpython3"},{"name":"package","value":"test_conduit.test_conduit"},{"name":"resultFormat","value":"allure2"}],"parameters":[],"links":[],"hidden":false,"retry":false,"extra":{"severity":"normal","retries":[],"categories":[{"name":"Test defects","matchedStatuses":[],"flaky":false}],"tags":[]},"source":"ab9984c88896ce27.json","parameterValues":[]}