{"uid":"6c651cee796c7dc3","name":"test_logout","fullName":"test_conduit.test_conduit.TestConduit#test_logout","historyId":"4c7b761067e175bd7d7e4ebf6a5e143a","time":{"start":1681329049074,"stop":1681329069788,"duration":20714},"status":"broken","statusMessage":"selenium.common.exceptions.TimeoutException: Message: \nStacktrace:\n#0 0x55b3eba1f243 <unknown>\n#1 0x55b3eb7e37a6 <unknown>\n#2 0x55b3eb82064d <unknown>\n#3 0x55b3eb820761 <unknown>\n#4 0x55b3eb85bda4 <unknown>\n#5 0x55b3eb8410ad <unknown>\n#6 0x55b3eb859932 <unknown>\n#7 0x55b3eb840e53 <unknown>\n#8 0x55b3eb8139ea <unknown>\n#9 0x55b3eb814b2e <unknown>\n#10 0x55b3eba73d5e <unknown>\n#11 0x55b3eba77a80 <unknown>\n#12 0x55b3eba598b0 <unknown>\n#13 0x55b3eba78b63 <unknown>\n#14 0x55b3eba4af75 <unknown>\n#15 0x55b3eba9b998 <unknown>\n#16 0x55b3eba9bb27 <unknown>\n#17 0x55b3ebab6c23 <unknown>\n#18 0x7f319eab4b43 <unknown>","statusTrace":"self = <test_conduit.TestConduit object at 0x7fb432a09840>\n\n    def test_logout(self):\n>       sign_in(self.browser)\n\ntest_conduit/test_conduit.py:57: \n_ _ _ _ _ _ _ _ _ _ _ _ _ _ _ _ _ _ _ _ _ _ _ _ _ _ _ _ _ _ _ _ _ _ _ _ _ _ _ _ \ntest_conduit/functions.py:20: in sign_in\n    element = WebDriverWait(browser, 20).until(\n_ _ _ _ _ _ _ _ _ _ _ _ _ _ _ _ _ _ _ _ _ _ _ _ _ _ _ _ _ _ _ _ _ _ _ _ _ _ _ _ \n\nself = <selenium.webdriver.support.wait.WebDriverWait (session=\"8b0b34daeab53ba4e4cd9d7a7d914842\")>\nmethod = <function visibility_of_element_located.<locals>._predicate at 0x7fb431727eb0>\nmessage = ''\n\n    def until(self, method, message: str = \"\"):\n        \"\"\"Calls the method provided with the driver as an argument until the \\\n        return value does not evaluate to ``False``.\n    \n        :param method: callable(WebDriver)\n        :param message: optional message for :exc:`TimeoutException`\n        :returns: the result of the last call to `method`\n        :raises: :exc:`selenium.common.exceptions.TimeoutException` if timeout occurs\n        \"\"\"\n        screen = None\n        stacktrace = None\n    \n        end_time = time.monotonic() + self._timeout\n        while True:\n            try:\n                value = method(self._driver)\n                if value:\n                    return value\n            except self._ignored_exceptions as exc:\n                screen = getattr(exc, \"screen\", None)\n                stacktrace = getattr(exc, \"stacktrace\", None)\n            time.sleep(self._poll)\n            if time.monotonic() > end_time:\n                break\n>       raise TimeoutException(message, screen, stacktrace)\nE       selenium.common.exceptions.TimeoutException: Message: \nE       Stacktrace:\nE       #0 0x55b3eba1f243 <unknown>\nE       #1 0x55b3eb7e37a6 <unknown>\nE       #2 0x55b3eb82064d <unknown>\nE       #3 0x55b3eb820761 <unknown>\nE       #4 0x55b3eb85bda4 <unknown>\nE       #5 0x55b3eb8410ad <unknown>\nE       #6 0x55b3eb859932 <unknown>\nE       #7 0x55b3eb840e53 <unknown>\nE       #8 0x55b3eb8139ea <unknown>\nE       #9 0x55b3eb814b2e <unknown>\nE       #10 0x55b3eba73d5e <unknown>\nE       #11 0x55b3eba77a80 <unknown>\nE       #12 0x55b3eba598b0 <unknown>\nE       #13 0x55b3eba78b63 <unknown>\nE       #14 0x55b3eba4af75 <unknown>\nE       #15 0x55b3eba9b998 <unknown>\nE       #16 0x55b3eba9bb27 <unknown>\nE       #17 0x55b3ebab6c23 <unknown>\nE       #18 0x7f319eab4b43 <unknown>\n\n/opt/hostedtoolcache/Python/3.10.10/x64/lib/python3.10/site-packages/selenium/webdriver/support/wait.py:95: TimeoutException","flaky":false,"newFailed":false,"newBroken":false,"newPassed":false,"retriesCount":0,"retriesStatusChange":false,"beforeStages":[{"name":"_xunit_setup_method_fixture_TestConduit","time":{"start":1681329047943,"stop":1681329049073,"duration":1130},"status":"passed","steps":[],"attachments":[],"parameters":[],"stepsCount":0,"attachmentsCount":0,"shouldDisplayMessage":false,"hasContent":false}],"afterStages":[{"name":"_xunit_setup_method_fixture_TestConduit::0","time":{"start":1681329069795,"stop":1681329069851,"duration":56},"status":"passed","steps":[],"attachments":[],"parameters":[],"stepsCount":0,"attachmentsCount":0,"shouldDisplayMessage":false,"hasContent":false}],"labels":[{"name":"parentSuite","value":"test_conduit"},{"name":"suite","value":"test_conduit"},{"name":"subSuite","value":"TestConduit"},{"name":"host","value":"fv-az561-707"},{"name":"thread","value":"3048-MainThread"},{"name":"framework","value":"pytest"},{"name":"language","value":"cpython3"},{"name":"package","value":"test_conduit.test_conduit"},{"name":"resultFormat","value":"allure2"}],"parameters":[],"links":[],"hidden":false,"retry":false,"extra":{"severity":"normal","retries":[],"categories":[{"name":"Test defects","matchedStatuses":[],"flaky":false}],"tags":[]},"source":"6c651cee796c7dc3.json","parameterValues":[]}