{"uid":"b5e70a62b2d320a1","name":"test_logout","fullName":"test_conduit.test_conduit.TestConduit#test_logout","historyId":"4c7b761067e175bd7d7e4ebf6a5e143a","time":{"start":1681325926327,"stop":1681325947004,"duration":20677},"status":"broken","statusMessage":"selenium.common.exceptions.TimeoutException: Message: \nStacktrace:\n#0 0x55cd5a3ee243 <unknown>\n#1 0x55cd5a1b27a6 <unknown>\n#2 0x55cd5a1ef64d <unknown>\n#3 0x55cd5a1ef761 <unknown>\n#4 0x55cd5a22ada4 <unknown>\n#5 0x55cd5a2100ad <unknown>\n#6 0x55cd5a228932 <unknown>\n#7 0x55cd5a20fe53 <unknown>\n#8 0x55cd5a1e29ea <unknown>\n#9 0x55cd5a1e3b2e <unknown>\n#10 0x55cd5a442d5e <unknown>\n#11 0x55cd5a446a80 <unknown>\n#12 0x55cd5a4288b0 <unknown>\n#13 0x55cd5a447b63 <unknown>\n#14 0x55cd5a419f75 <unknown>\n#15 0x55cd5a46a998 <unknown>\n#16 0x55cd5a46ab27 <unknown>\n#17 0x55cd5a485c23 <unknown>\n#18 0x7f0a93c7fb43 <unknown>","statusTrace":"self = <test_conduit.TestConduit object at 0x7f6c8b2ad420>\n\n    def test_logout(self):\n>       sign_in(self.browser)\n\ntest_conduit/test_conduit.py:57: \n_ _ _ _ _ _ _ _ _ _ _ _ _ _ _ _ _ _ _ _ _ _ _ _ _ _ _ _ _ _ _ _ _ _ _ _ _ _ _ _ \ntest_conduit/functions.py:22: in sign_in\n    browser, 20).until(\n_ _ _ _ _ _ _ _ _ _ _ _ _ _ _ _ _ _ _ _ _ _ _ _ _ _ _ _ _ _ _ _ _ _ _ _ _ _ _ _ \n\nself = <selenium.webdriver.support.wait.WebDriverWait (session=\"07ad9fde62a607b42148f444f056348c\")>\nmethod = <function visibility_of_element_located.<locals>._predicate at 0x7f6c89fe71c0>\nmessage = ''\n\n    def until(self, method, message: str = \"\"):\n        \"\"\"Calls the method provided with the driver as an argument until the \\\n        return value does not evaluate to ``False``.\n    \n        :param method: callable(WebDriver)\n        :param message: optional message for :exc:`TimeoutException`\n        :returns: the result of the last call to `method`\n        :raises: :exc:`selenium.common.exceptions.TimeoutException` if timeout occurs\n        \"\"\"\n        screen = None\n        stacktrace = None\n    \n        end_time = time.monotonic() + self._timeout\n        while True:\n            try:\n                value = method(self._driver)\n                if value:\n                    return value\n            except self._ignored_exceptions as exc:\n                screen = getattr(exc, \"screen\", None)\n                stacktrace = getattr(exc, \"stacktrace\", None)\n            time.sleep(self._poll)\n            if time.monotonic() > end_time:\n                break\n>       raise TimeoutException(message, screen, stacktrace)\nE       selenium.common.exceptions.TimeoutException: Message: \nE       Stacktrace:\nE       #0 0x55cd5a3ee243 <unknown>\nE       #1 0x55cd5a1b27a6 <unknown>\nE       #2 0x55cd5a1ef64d <unknown>\nE       #3 0x55cd5a1ef761 <unknown>\nE       #4 0x55cd5a22ada4 <unknown>\nE       #5 0x55cd5a2100ad <unknown>\nE       #6 0x55cd5a228932 <unknown>\nE       #7 0x55cd5a20fe53 <unknown>\nE       #8 0x55cd5a1e29ea <unknown>\nE       #9 0x55cd5a1e3b2e <unknown>\nE       #10 0x55cd5a442d5e <unknown>\nE       #11 0x55cd5a446a80 <unknown>\nE       #12 0x55cd5a4288b0 <unknown>\nE       #13 0x55cd5a447b63 <unknown>\nE       #14 0x55cd5a419f75 <unknown>\nE       #15 0x55cd5a46a998 <unknown>\nE       #16 0x55cd5a46ab27 <unknown>\nE       #17 0x55cd5a485c23 <unknown>\nE       #18 0x7f0a93c7fb43 <unknown>\n\n/opt/hostedtoolcache/Python/3.10.10/x64/lib/python3.10/site-packages/selenium/webdriver/support/wait.py:95: TimeoutException","flaky":false,"newFailed":false,"newBroken":false,"newPassed":false,"retriesCount":0,"retriesStatusChange":false,"beforeStages":[{"name":"_xunit_setup_method_fixture_TestConduit","time":{"start":1681325925203,"stop":1681325926326,"duration":1123},"status":"passed","steps":[],"attachments":[],"parameters":[],"stepsCount":0,"attachmentsCount":0,"shouldDisplayMessage":false,"hasContent":false}],"afterStages":[{"name":"_xunit_setup_method_fixture_TestConduit::0","time":{"start":1681325947012,"stop":1681325947067,"duration":55},"status":"passed","steps":[],"attachments":[],"parameters":[],"stepsCount":0,"attachmentsCount":0,"shouldDisplayMessage":false,"hasContent":false}],"labels":[{"name":"parentSuite","value":"test_conduit"},{"name":"suite","value":"test_conduit"},{"name":"subSuite","value":"TestConduit"},{"name":"host","value":"fv-az401-251"},{"name":"thread","value":"3137-MainThread"},{"name":"framework","value":"pytest"},{"name":"language","value":"cpython3"},{"name":"package","value":"test_conduit.test_conduit"},{"name":"resultFormat","value":"allure2"}],"parameters":[],"links":[],"hidden":false,"retry":false,"extra":{"severity":"normal","retries":[],"categories":[{"name":"Test defects","matchedStatuses":[],"flaky":false}],"tags":[]},"source":"b5e70a62b2d320a1.json","parameterValues":[]}